{
  "RSpec": {
    "coverage": {
      "/Users/brendanbondurant/1mod/ICs/market_2308/market_2308/lib/item.rb": {
        "lines": [
          1,
          1,
          1,
          32,
          32,
          null,
          null
        ]
      },
      "/Users/brendanbondurant/1mod/ICs/market_2308/market_2308/lib/vendor.rb": {
        "lines": [
          1,
          1,
          1,
          32,
          32,
          null,
          null,
          null,
          1,
          null,
          4,
          3,
          null,
          1,
          null,
          null,
          null,
          1,
          11,
          2,
          null,
          9,
          null,
          null,
          null,
          1,
          1,
          1,
          0,
          null,
          null,
          null,
          null,
          null,
          null
        ]
      },
      "/Users/brendanbondurant/1mod/ICs/market_2308/market_2308/lib/market.rb": {
        "lines": [
          1,
          1,
          1,
          0,
          0,
          null,
          null,
          1,
          0,
          null,
          null,
          1,
          0,
          0,
          null,
          null,
          null,
          1,
          0,
          0,
          0,
          0,
          null,
          null,
          0,
          null,
          null
        ]
      }
    },
    "timestamp": 1695057708
  }
}
