{
  "RSpec": {
    "coverage": {
      "/Users/brendanbondurant/1mod/ICs/market_2308/market_2308/lib/item.rb": {
        "lines": [
          1,
          1,
          1,
          14,
          14,
          null,
          null
        ]
      },
      "/Users/brendanbondurant/1mod/ICs/market_2308/market_2308/lib/vendor.rb": {
        "lines": [
          1,
          1,
          1,
          7,
          7,
          null,
          null,
          null,
          1,
          null,
          4,
          3,
          null,
          1,
          null,
          null,
          null,
          1,
          6,
          2,
          null,
          4,
          null,
          null,
          null
        ]
      }
    },
    "timestamp": 1695053098
  }
}
